Using pre-set license
Built from '2020.3/release' branch; Version is '2020.3.7f1 (dd97f2c94397) revision 14522354'; Using compiler version '192528614'; Build Type 'Release'
OS: 'Windows 10 Pro; OS build 19042.1165; Version 2009; 64bit' Language: 'pt' Physical Memory: 7987 MB
BatchMode: 1, IsHumanControllingUs: 0, StartBugReporterOnCrash: 0, Is64bit: 1, IsPro: 0

 COMMAND LINE ARGUMENTS:
C:\Program Files\Unity\Hub\Editor\2020.3.7f1\Editor\Unity.exe
-adb2
-batchMode
-noUpm
-name
AssetImportWorker0
-projectPath
C:/Users/murilo_chayel/Desktop/PCG/PCG_Survive/PCG_Survive
-logFile
Logs/AssetImportWorker0.log
-srvPort
60638
Successfully changed project path to: C:/Users/murilo_chayel/Desktop/PCG/PCG_Survive/PCG_Survive
C:/Users/murilo_chayel/Desktop/PCG/PCG_Survive/PCG_Survive
Using Asset Import Pipeline V2.
Refreshing native plugins compatible for Editor in 33.54 ms, found 1 plugins.
Preloading 0 native plugins for Editor in 0.00 ms.
Initialize engine version: 2020.3.7f1 (dd97f2c94397)
[Subsystems] Discovering subsystems at path C:/Program Files/Unity/Hub/Editor/2020.3.7f1/Editor/Data/Resources/UnitySubsystems
[Subsystems] Discovering subsystems at path C:/Users/murilo_chayel/Desktop/PCG/PCG_Survive/PCG_Survive/Assets
GfxDevice: creating device client; threaded=0
Direct3D:
    Version:  Direct3D 11.0 [level 11.1]
    Renderer: NVIDIA GeForce GTX 1660 Ti with Max-Q Design (ID=0x2191)
    Vendor:   
    VRAM:     5991 MB
    Driver:   27.21.14.6231
Initialize mono
Mono path[0] = 'C:/Program Files/Unity/Hub/Editor/2020.3.7f1/Editor/Data/Managed'
Mono path[1] = 'C:/Program Files/Unity/Hub/Editor/2020.3.7f1/Editor/Data/MonoBleedingEdge/lib/mono/unityjit'
Mono config path = 'C:/Program Files/Unity/Hub/Editor/2020.3.7f1/Editor/Data/MonoBleedingEdge/etc'
Using monoOptions --debugger-agent=transport=dt_socket,embedding=1,server=y,suspend=n,address=127.0.0.1:56292
Begin MonoManager ReloadAssembly
Registering precompiled unity dll's ...
Register platform support module: C:/Program Files/Unity/Hub/Editor/2020.3.7f1/Editor/Data/PlaybackEngines/WindowsStandaloneSupport/UnityEditor.WindowsStandalone.Extensions.dll
Registered in 0.002325 seconds.
Native extension for WindowsStandalone target not found
Refreshing native plugins compatible for Editor in 34.86 ms, found 1 plugins.
Preloading 0 native plugins for Editor in 0.00 ms.
Mono: successfully reloaded assembly
- Completed reload, in  3.442 seconds
Platform modules already initialized, skipping
Registering precompiled user dll's ...
Registered in 0.001129 seconds.
Begin MonoManager ReloadAssembly
Native extension for WindowsStandalone target not found
Refreshing native plugins compatible for Editor in 32.30 ms, found 1 plugins.
Preloading 0 native plugins for Editor in 0.00 ms.
Mono: successfully reloaded assembly
- Completed reload, in  0.914 seconds
Platform modules already initialized, skipping
========================================================================
Worker process is ready to serve import requests
Launched and connected shader compiler UnityShaderCompiler.exe after 0.10 seconds
Refreshing native plugins compatible for Editor in 0.44 ms, found 1 plugins.
Preloading 0 native plugins for Editor in 0.00 ms.
Unloading 1811 Unused Serialized files (Serialized files now loaded: 0)
System memory in use before: 85.0 MB.
System memory in use after: 85.0 MB.

Unloading 24 unused Assets to reduce memory usage. Loaded Objects now: 2254.
Total: 2.141800 ms (FindLiveObjects: 0.247600 ms CreateObjectMapping: 0.096200 ms MarkObjects: 1.674400 ms  DeleteObjects: 0.122100 ms)

========================================================================
Received Import Request.
  path: Assets/pallets/blocks
  artifactKey: Guid(d19c2116dbd7cf3458a4e43be573096b) Importer(815301076,1909f56bfc062723c751e8b465ee728b)
Start importing Assets/pallets/blocks using Guid(d19c2116dbd7cf3458a4e43be573096b) Importer(815301076,1909f56bfc062723c751e8b465ee728b)  -> (artifact id: 'f515f36bdef3dca3f3a0954ac08cf00d') in 0.010943 seconds
  Import took 0.014717 seconds .

========================================================================
Received Import Request.
  Time since last request: 31.159097 seconds.
  path: Assets/pallets/blocks/grass
  artifactKey: Guid(6404abddf80bfa7438502b575541c352) Importer(815301076,1909f56bfc062723c751e8b465ee728b)
Start importing Assets/pallets/blocks/grass using Guid(6404abddf80bfa7438502b575541c352) Importer(815301076,1909f56bfc062723c751e8b465ee728b)  -> (artifact id: '837427231f4095fd203384f500546d12') in 0.007319 seconds
  Import took 0.011179 seconds .

========================================================================
Received Import Request.
  Time since last request: 30.243882 seconds.
  path: Assets/pallets/blocks/grass/grass.png
  artifactKey: Guid(4d8bb6ad4aa388948a51658ada193ef7) Importer(815301076,1909f56bfc062723c751e8b465ee728b)
Start importing Assets/pallets/blocks/grass/grass.png using Guid(4d8bb6ad4aa388948a51658ada193ef7) Importer(815301076,1909f56bfc062723c751e8b465ee728b)  -> (artifact id: '80c19bc2697a59362df588446cbcffff') in 0.232984 seconds
  Import took 0.237754 seconds .

========================================================================
Received Import Request.
  Time since last request: 7.906238 seconds.
  path: Assets/pallets/blocks/grass/grass.png
  artifactKey: Guid(4d8bb6ad4aa388948a51658ada193ef7) Importer(815301076,1909f56bfc062723c751e8b465ee728b)
Start importing Assets/pallets/blocks/grass/grass.png using Guid(4d8bb6ad4aa388948a51658ada193ef7) Importer(815301076,1909f56bfc062723c751e8b465ee728b)  -> (artifact id: '9b44ddb32c33715d49ce41547d296f94') in 0.009163 seconds
  Import took 0.013077 seconds .

========================================================================
Received Import Request.
  Time since last request: 0.002617 seconds.
  path: Assets/pallets/blocks/grass/grass.png
  artifactKey: Guid(4d8bb6ad4aa388948a51658ada193ef7) Importer(815301076,1909f56bfc062723c751e8b465ee728b)
Start importing Assets/pallets/blocks/grass/grass.png using Guid(4d8bb6ad4aa388948a51658ada193ef7) Importer(815301076,1909f56bfc062723c751e8b465ee728b)  -> (artifact id: '9b44ddb32c33715d49ce41547d296f94') in 0.009153 seconds
  Import took 0.012868 seconds .

========================================================================
Received Import Request.
  Time since last request: 12.892904 seconds.
  path: Assets/pallets/blocks/grass/grass.png
  artifactKey: Guid(4d8bb6ad4aa388948a51658ada193ef7) Importer(815301076,1909f56bfc062723c751e8b465ee728b)
Start importing Assets/pallets/blocks/grass/grass.png using Guid(4d8bb6ad4aa388948a51658ada193ef7) Importer(815301076,1909f56bfc062723c751e8b465ee728b)  -> (artifact id: '4505bff49f1e0df951564803a3e58e5e') in 0.032253 seconds
  Import took 0.035612 seconds .

========================================================================
Received Import Request.
  Time since last request: 14.075233 seconds.
  path: Assets/pallets/blocks/grass/grass_0.asset
  artifactKey: Guid(497f9bbf72f310e4894bf4c15f2a29f4) Importer(815301076,1909f56bfc062723c751e8b465ee728b)
Start importing Assets/pallets/blocks/grass/grass_0.asset using Guid(497f9bbf72f310e4894bf4c15f2a29f4) Importer(815301076,1909f56bfc062723c751e8b465ee728b)  -> (artifact id: '2c4de8c6c2140a64e3eb6d0eb20b843e') in 0.027183 seconds
  Import took 0.030596 seconds .

========================================================================
Received Import Request.
  Time since last request: 0.000213 seconds.
  path: Assets/pallets/blocks/grass/grass_4.asset
  artifactKey: Guid(c1dbdf87802a5784cb92f2398941c6c0) Importer(815301076,1909f56bfc062723c751e8b465ee728b)
Start importing Assets/pallets/blocks/grass/grass_4.asset using Guid(c1dbdf87802a5784cb92f2398941c6c0) Importer(815301076,1909f56bfc062723c751e8b465ee728b)  -> (artifact id: '5eda6203f2a272fcf87b0c09d3f840ae') in 0.012413 seconds
  Import took 0.015827 seconds .

========================================================================
Received Import Request.
  Time since last request: 0.000232 seconds.
  path: Assets/pallets/blocks/grass/grass_5.asset
  artifactKey: Guid(07a2a68aebfd8254b8e92ba74e986f0d) Importer(815301076,1909f56bfc062723c751e8b465ee728b)
Start importing Assets/pallets/blocks/grass/grass_5.asset using Guid(07a2a68aebfd8254b8e92ba74e986f0d) Importer(815301076,1909f56bfc062723c751e8b465ee728b)  -> (artifact id: '025a4219122fa83ae7f8daaa484ae4e1') in 0.016050 seconds
  Import took 0.020789 seconds .

========================================================================
Received Import Request.
  Time since last request: 0.000245 seconds.
  path: Assets/pallets/blocks/grass/grass_15.asset
  artifactKey: Guid(9c172c309be300c4ebdfe367d6af9bc0) Importer(815301076,1909f56bfc062723c751e8b465ee728b)
Start importing Assets/pallets/blocks/grass/grass_15.asset using Guid(9c172c309be300c4ebdfe367d6af9bc0) Importer(815301076,1909f56bfc062723c751e8b465ee728b)  -> (artifact id: '626baf8ce2a1e062e6d346b975b837cf') in 0.012274 seconds
  Import took 0.017375 seconds .

========================================================================
Received Import Request.
  Time since last request: 0.000387 seconds.
  path: Assets/pallets/blocks/grass/grass_1.asset
  artifactKey: Guid(e59a3d8137d6afe429df086fdaba98da) Importer(815301076,1909f56bfc062723c751e8b465ee728b)
Start importing Assets/pallets/blocks/grass/grass_1.asset using Guid(e59a3d8137d6afe429df086fdaba98da) Importer(815301076,1909f56bfc062723c751e8b465ee728b)  -> (artifact id: '0260e802dee24dbeecbb2d91e21eb5a2') in 0.013944 seconds
  Import took 0.020809 seconds .

========================================================================
Received Import Request.
  Time since last request: 0.000497 seconds.
  path: Assets/pallets/blocks/grass/grass_10.asset
  artifactKey: Guid(5e256b0c982e94846a549f20eb7d2aca) Importer(815301076,1909f56bfc062723c751e8b465ee728b)
Start importing Assets/pallets/blocks/grass/grass_10.asset using Guid(5e256b0c982e94846a549f20eb7d2aca) Importer(815301076,1909f56bfc062723c751e8b465ee728b)  -> (artifact id: '271b2382e4568b93934f4c5703fab075') in 0.012472 seconds
  Import took 0.018898 seconds .

========================================================================
Received Import Request.
  Time since last request: 0.000277 seconds.
  path: Assets/pallets/blocks/grass/grass_3.asset
  artifactKey: Guid(76705c8a345fee84b9dc0b64d1b7cfa0) Importer(815301076,1909f56bfc062723c751e8b465ee728b)
Start importing Assets/pallets/blocks/grass/grass_3.asset using Guid(76705c8a345fee84b9dc0b64d1b7cfa0) Importer(815301076,1909f56bfc062723c751e8b465ee728b)  -> (artifact id: '7667b1e17b11a8c899b4c2b8f7a520c9') in 0.013288 seconds
  Import took 0.017554 seconds .

========================================================================
Received Import Request.
  Time since last request: 0.000194 seconds.
  path: Assets/pallets/blocks/grass/grass_7.asset
  artifactKey: Guid(228dae6dfc3cf364e8752823552d5c89) Importer(815301076,1909f56bfc062723c751e8b465ee728b)
Start importing Assets/pallets/blocks/grass/grass_7.asset using Guid(228dae6dfc3cf364e8752823552d5c89) Importer(815301076,1909f56bfc062723c751e8b465ee728b)  -> (artifact id: '5acfeb7c7d1836a4b53bc6bd7ca6acab') in 0.016523 seconds
  Import took 0.020227 seconds .

========================================================================
Received Import Request.
  Time since last request: 0.000413 seconds.
  path: Assets/pallets/blocks/grass/grass_6.asset
  artifactKey: Guid(c00846c8c314a1e4c8e000d901471ec8) Importer(815301076,1909f56bfc062723c751e8b465ee728b)
Start importing Assets/pallets/blocks/grass/grass_6.asset using Guid(c00846c8c314a1e4c8e000d901471ec8) Importer(815301076,1909f56bfc062723c751e8b465ee728b)  -> (artifact id: 'e86d5eb1a31c729909fd6e404eda0177') in 0.013431 seconds
  Import took 0.017968 seconds .

========================================================================
Received Import Request.
  Time since last request: 0.000327 seconds.
  path: Assets/pallets/blocks/grass/grass_14.asset
  artifactKey: Guid(21d70a7b050ec064f8b6c32a1687df27) Importer(815301076,1909f56bfc062723c751e8b465ee728b)
Start importing Assets/pallets/blocks/grass/grass_14.asset using Guid(21d70a7b050ec064f8b6c32a1687df27) Importer(815301076,1909f56bfc062723c751e8b465ee728b)  -> (artifact id: '98637b5fc8e4d60c5826ea80a1054052') in 0.011980 seconds
  Import took 0.015738 seconds .

========================================================================
Received Import Request.
  Time since last request: 0.000227 seconds.
  path: Assets/pallets/blocks/grass/grass_11.asset
  artifactKey: Guid(4c29a2ae40cce5540b0f6695bb608a83) Importer(815301076,1909f56bfc062723c751e8b465ee728b)
Start importing Assets/pallets/blocks/grass/grass_11.asset using Guid(4c29a2ae40cce5540b0f6695bb608a83) Importer(815301076,1909f56bfc062723c751e8b465ee728b)  -> (artifact id: '385a37f90c333c7856f3424b2e81f1ef') in 0.011296 seconds
  Import took 0.015343 seconds .

========================================================================
Received Import Request.
  Time since last request: 0.000282 seconds.
  path: Assets/pallets/blocks/grass/grass_13.asset
  artifactKey: Guid(57be1797b9a1e1945a75278d8eb80e07) Importer(815301076,1909f56bfc062723c751e8b465ee728b)
Start importing Assets/pallets/blocks/grass/grass_13.asset using Guid(57be1797b9a1e1945a75278d8eb80e07) Importer(815301076,1909f56bfc062723c751e8b465ee728b)  -> (artifact id: '6fc890d0494d67d884cce0dd1784460e') in 0.012861 seconds
  Import took 0.016764 seconds .

========================================================================
Received Import Request.
  Time since last request: 0.000236 seconds.
  path: Assets/pallets/blocks/grass/grass_9.asset
  artifactKey: Guid(b89278b3119c3114b8a76ec9931b736a) Importer(815301076,1909f56bfc062723c751e8b465ee728b)
Start importing Assets/pallets/blocks/grass/grass_9.asset using Guid(b89278b3119c3114b8a76ec9931b736a) Importer(815301076,1909f56bfc062723c751e8b465ee728b)  -> (artifact id: '42013ec05334095c9a3aa0b01d3e2d69') in 0.009577 seconds
  Import took 0.013072 seconds .

========================================================================
Received Import Request.
  Time since last request: 0.000327 seconds.
  path: Assets/pallets/blocks/grass/grass_12.asset
  artifactKey: Guid(2d7e994394fdfd04ea0aa4864cdbc3e2) Importer(815301076,1909f56bfc062723c751e8b465ee728b)
Start importing Assets/pallets/blocks/grass/grass_12.asset using Guid(2d7e994394fdfd04ea0aa4864cdbc3e2) Importer(815301076,1909f56bfc062723c751e8b465ee728b)  -> (artifact id: '6b6c62a550ef42495060709024a0a8e9') in 0.013712 seconds
  Import took 0.016740 seconds .

========================================================================
Received Import Request.
  Time since last request: 0.000212 seconds.
  path: Assets/pallets/blocks/grass/grass_8.asset
  artifactKey: Guid(605c25b2e277bdc4b8daac80c6912e87) Importer(815301076,1909f56bfc062723c751e8b465ee728b)
Start importing Assets/pallets/blocks/grass/grass_8.asset using Guid(605c25b2e277bdc4b8daac80c6912e87) Importer(815301076,1909f56bfc062723c751e8b465ee728b)  -> (artifact id: 'a6b3a796c5154d166178f67e413e8a91') in 0.010747 seconds
  Import took 0.014147 seconds .

========================================================================
Received Import Request.
  Time since last request: 0.000210 seconds.
  path: Assets/pallets/blocks/grass/grass_2.asset
  artifactKey: Guid(627051a5fd4968b4c83aee7003e24893) Importer(815301076,1909f56bfc062723c751e8b465ee728b)
Start importing Assets/pallets/blocks/grass/grass_2.asset using Guid(627051a5fd4968b4c83aee7003e24893) Importer(815301076,1909f56bfc062723c751e8b465ee728b)  -> (artifact id: '7ce0266952296c7114b22d9e7f1b44f5') in 0.012923 seconds
  Import took 0.016908 seconds .

========================================================================
Received Import Request.
  Time since last request: 120.332249 seconds.
  path: Assets/pallets/pallete.prefab
  artifactKey: Guid(9b80419ff53ca7b43ad1e5eb49d2d4bd) Importer(815301076,1909f56bfc062723c751e8b465ee728b)
Start importing Assets/pallets/pallete.prefab using Guid(9b80419ff53ca7b43ad1e5eb49d2d4bd) Importer(815301076,1909f56bfc062723c751e8b465ee728b)  -> (artifact id: '35bb94302e9f0f13345c99fb1968794e') in 0.029174 seconds
  Import took 0.033131 seconds .

========================================================================
Received Import Request.
  Time since last request: 0.005535 seconds.
  path: Assets/pallets/pallete.prefab
  artifactKey: Guid(9b80419ff53ca7b43ad1e5eb49d2d4bd) Importer(815301076,1909f56bfc062723c751e8b465ee728b)
Start importing Assets/pallets/pallete.prefab using Guid(9b80419ff53ca7b43ad1e5eb49d2d4bd) Importer(815301076,1909f56bfc062723c751e8b465ee728b)  -> (artifact id: '35bb94302e9f0f13345c99fb1968794e') in 0.006416 seconds
  Import took 0.011402 seconds .

========================================================================
Received Import Request.
  Time since last request: 125.211733 seconds.
  path: Assets/pallets/blocks/grass/grass.png
  artifactKey: Guid(4d8bb6ad4aa388948a51658ada193ef7) Importer(815301076,1909f56bfc062723c751e8b465ee728b)
Start importing Assets/pallets/blocks/grass/grass.png using Guid(4d8bb6ad4aa388948a51658ada193ef7) Importer(815301076,1909f56bfc062723c751e8b465ee728b)  -> (artifact id: '01d1bd5d7849635e9164a7f19515964e') in 0.032963 seconds
  Import took 0.036503 seconds .

========================================================================
Received Import Request.
  Time since last request: 62.943725 seconds.
  path: Assets/pallets/blocks/grass/grass.png
  artifactKey: Guid(4d8bb6ad4aa388948a51658ada193ef7) Importer(815301076,1909f56bfc062723c751e8b465ee728b)
Start importing Assets/pallets/blocks/grass/grass.png using Guid(4d8bb6ad4aa388948a51658ada193ef7) Importer(815301076,1909f56bfc062723c751e8b465ee728b)  -> (artifact id: 'd44130de3381cebf58f6887e5d1b2c01') in 0.031406 seconds
  Import took 0.034747 seconds .

========================================================================
Received Import Request.
  Time since last request: 632.937331 seconds.
  path: Assets/pallets/blocks/grass/grass.png
  artifactKey: Guid(4d8bb6ad4aa388948a51658ada193ef7) Importer(815301076,1909f56bfc062723c751e8b465ee728b)
Start importing Assets/pallets/blocks/grass/grass.png using Guid(4d8bb6ad4aa388948a51658ada193ef7) Importer(815301076,1909f56bfc062723c751e8b465ee728b)  -> (artifact id: '0fb843d05aa6af1b70226a3bf8caeec2') in 0.050003 seconds
  Import took 0.053589 seconds .

========================================================================
Received Import Request.
  Time since last request: 613.159565 seconds.
  path: Assets/pallets/blocks/grass/grass.png
  artifactKey: Guid(4d8bb6ad4aa388948a51658ada193ef7) Importer(815301076,1909f56bfc062723c751e8b465ee728b)
Start importing Assets/pallets/blocks/grass/grass.png using Guid(4d8bb6ad4aa388948a51658ada193ef7) Importer(815301076,1909f56bfc062723c751e8b465ee728b)  -> (artifact id: '1015bf0df773ed862c3c985232004039') in 0.056546 seconds
  Import took 0.059915 seconds .

========================================================================
Received Prepare
Registering precompiled user dll's ...
Registered in 0.001088 seconds.
Begin MonoManager ReloadAssembly
Native extension for WindowsStandalone target not found
Refreshing native plugins compatible for Editor in 0.50 ms, found 1 plugins.
Preloading 0 native plugins for Editor in 0.00 ms.
Mono: successfully reloaded assembly
- Completed reload, in  0.937 seconds
Platform modules already initialized, skipping
Refreshing native plugins compatible for Editor in 0.33 ms, found 1 plugins.
Preloading 0 native plugins for Editor in 0.00 ms.
Unloading 1806 Unused Serialized files (Serialized files now loaded: 0)
System memory in use before: 88.1 MB.
System memory in use after: 88.1 MB.

Unloading 12 unused Assets to reduce memory usage. Loaded Objects now: 2268.
Total: 3.711400 ms (FindLiveObjects: 1.367700 ms CreateObjectMapping: 0.358800 ms MarkObjects: 1.869000 ms  DeleteObjects: 0.114300 ms)

========================================================================
Received Import Request.
  Time since last request: 1466.431145 seconds.
  path: Assets/Scripts/MapSettings/Biome.cs
  artifactKey: Guid(73b17892d065dfd4594c99a7da6a6ebb) Importer(815301076,1909f56bfc062723c751e8b465ee728b)
Start importing Assets/Scripts/MapSettings/Biome.cs using Guid(73b17892d065dfd4594c99a7da6a6ebb) Importer(815301076,1909f56bfc062723c751e8b465ee728b)  -> (artifact id: '46d183944151f109c691368eae2923b8') in 0.026397 seconds
  Import took 0.032548 seconds .

========================================================================
Received Prepare
Registering precompiled user dll's ...
Registered in 0.001953 seconds.
Begin MonoManager ReloadAssembly
Native extension for WindowsStandalone target not found
Refreshing native plugins compatible for Editor in 0.55 ms, found 1 plugins.
Preloading 0 native plugins for Editor in 0.00 ms.
Mono: successfully reloaded assembly
- Completed reload, in  1.054 seconds
Platform modules already initialized, skipping
Refreshing native plugins compatible for Editor in 0.39 ms, found 1 plugins.
Preloading 0 native plugins for Editor in 0.00 ms.
Unloading 1807 Unused Serialized files (Serialized files now loaded: 0)
System memory in use before: 88.2 MB.
System memory in use after: 88.2 MB.

Unloading 12 unused Assets to reduce memory usage. Loaded Objects now: 2273.
Total: 4.171800 ms (FindLiveObjects: 0.859700 ms CreateObjectMapping: 0.137300 ms MarkObjects: 2.979300 ms  DeleteObjects: 0.193000 ms)

========================================================================
Received Prepare
Registering precompiled user dll's ...
Registered in 0.005544 seconds.
Begin MonoManager ReloadAssembly
Native extension for WindowsStandalone target not found
Refreshing native plugins compatible for Editor in 0.65 ms, found 1 plugins.
Preloading 0 native plugins for Editor in 0.00 ms.
Mono: successfully reloaded assembly
- Completed reload, in  2.002 seconds
Platform modules already initialized, skipping
Refreshing native plugins compatible for Editor in 0.77 ms, found 1 plugins.
Preloading 0 native plugins for Editor in 0.00 ms.
Unloading 1807 Unused Serialized files (Serialized files now loaded: 0)
System memory in use before: 88.2 MB.
System memory in use after: 88.2 MB.

Unloading 12 unused Assets to reduce memory usage. Loaded Objects now: 2277.
Total: 4.434900 ms (FindLiveObjects: 0.724000 ms CreateObjectMapping: 0.248700 ms MarkObjects: 3.282000 ms  DeleteObjects: 0.178000 ms)

========================================================================
Received Import Request.
  Time since last request: 431.867933 seconds.
  path: Assets/Scripts/MapSettings/Biome.cs
  artifactKey: Guid(73b17892d065dfd4594c99a7da6a6ebb) Importer(815301076,1909f56bfc062723c751e8b465ee728b)
Start importing Assets/Scripts/MapSettings/Biome.cs using Guid(73b17892d065dfd4594c99a7da6a6ebb) Importer(815301076,1909f56bfc062723c751e8b465ee728b)  -> (artifact id: '293d73ef7bfaecaf297a07fce4f5596d') in 0.015819 seconds
  Import took 0.023741 seconds .

========================================================================
Received Import Request.
  Time since last request: 5.275956 seconds.
  path: Assets/Scripts/MapSettings/biome.asset
  artifactKey: Guid(87d53a4f3e0f44947a9f56a5c5e87637) Importer(815301076,1909f56bfc062723c751e8b465ee728b)
Start importing Assets/Scripts/MapSettings/biome.asset using Guid(87d53a4f3e0f44947a9f56a5c5e87637) Importer(815301076,1909f56bfc062723c751e8b465ee728b)  -> (artifact id: '608ba2dfb6839fe8a770fccccebbc122') in 0.029321 seconds
  Import took 0.033961 seconds .

========================================================================
Received Import Request.
  Time since last request: 0.002131 seconds.
  path: Assets/Scripts/MapSettings/biome.asset
  artifactKey: Guid(87d53a4f3e0f44947a9f56a5c5e87637) Importer(815301076,1909f56bfc062723c751e8b465ee728b)
Start importing Assets/Scripts/MapSettings/biome.asset using Guid(87d53a4f3e0f44947a9f56a5c5e87637) Importer(815301076,1909f56bfc062723c751e8b465ee728b)  -> (artifact id: '608ba2dfb6839fe8a770fccccebbc122') in 0.005949 seconds
  Import took 0.010927 seconds .

========================================================================
Received Import Request.
  Time since last request: 1493.595920 seconds.
  path: Assets/Scripts/MapSettings/TilesSettings/biome.asset
  artifactKey: Guid(87d53a4f3e0f44947a9f56a5c5e87637) Importer(815301076,1909f56bfc062723c751e8b465ee728b)
Start importing Assets/Scripts/MapSettings/TilesSettings/biome.asset using Guid(87d53a4f3e0f44947a9f56a5c5e87637) Importer(815301076,1909f56bfc062723c751e8b465ee728b)  -> (artifact id: '9205977fba042cabd46978c1dc84bd1e') in 0.009070 seconds
  Import took 0.016611 seconds .

========================================================================
Received Prepare
Registering precompiled user dll's ...
Registered in 0.001832 seconds.
Begin MonoManager ReloadAssembly
Native extension for WindowsStandalone target not found
Refreshing native plugins compatible for Editor in 0.42 ms, found 1 plugins.
Preloading 0 native plugins for Editor in 0.00 ms.
Mono: successfully reloaded assembly
- Completed reload, in  1.774 seconds
Platform modules already initialized, skipping
Refreshing native plugins compatible for Editor in 0.60 ms, found 1 plugins.
Preloading 0 native plugins for Editor in 0.00 ms.
Unloading 1807 Unused Serialized files (Serialized files now loaded: 0)
System memory in use before: 88.2 MB.
System memory in use after: 88.2 MB.

Unloading 12 unused Assets to reduce memory usage. Loaded Objects now: 2281.
Total: 4.097800 ms (FindLiveObjects: 0.699600 ms CreateObjectMapping: 0.218400 ms MarkObjects: 2.989600 ms  DeleteObjects: 0.188000 ms)

========================================================================
Received Import Request.
  Time since last request: 253.951768 seconds.
  path: Assets/Scripts/MapSettings/TilesSettings/tiles.asset
  artifactKey: Guid(b85fc367c0ab86d42a30748dbe78ca76) Importer(815301076,1909f56bfc062723c751e8b465ee728b)
Start importing Assets/Scripts/MapSettings/TilesSettings/tiles.asset using Guid(b85fc367c0ab86d42a30748dbe78ca76) Importer(815301076,1909f56bfc062723c751e8b465ee728b)  -> (artifact id: '08bd95a4f490c6e1f19a3ecbcec42e64') in 0.051213 seconds
  Import took 0.060564 seconds .

========================================================================
Received Import Request.
  Time since last request: 0.005220 seconds.
  path: Assets/Scripts/MapSettings/TilesSettings/tiles.asset
  artifactKey: Guid(b85fc367c0ab86d42a30748dbe78ca76) Importer(815301076,1909f56bfc062723c751e8b465ee728b)
Start importing Assets/Scripts/MapSettings/TilesSettings/tiles.asset using Guid(b85fc367c0ab86d42a30748dbe78ca76) Importer(815301076,1909f56bfc062723c751e8b465ee728b)  -> (artifact id: '08bd95a4f490c6e1f19a3ecbcec42e64') in 0.008599 seconds
  Import took 0.014882 seconds .

========================================================================
Received Import Request.
  Time since last request: 43.076577 seconds.
  path: Assets/Scripts/MapSettings/TilesSettings/tiles.asset
  artifactKey: Guid(b85fc367c0ab86d42a30748dbe78ca76) Importer(815301076,1909f56bfc062723c751e8b465ee728b)
Start importing Assets/Scripts/MapSettings/TilesSettings/tiles.asset using Guid(b85fc367c0ab86d42a30748dbe78ca76) Importer(815301076,1909f56bfc062723c751e8b465ee728b)  -> (artifact id: '5f5c6e3b060506edc7425a1bca1ab96c') in 0.017596 seconds
  Import took 0.023055 seconds .

========================================================================
Received Prepare
Registering precompiled user dll's ...
Registered in 0.001463 seconds.
Begin MonoManager ReloadAssembly
Native extension for WindowsStandalone target not found
Refreshing native plugins compatible for Editor in 0.52 ms, found 1 plugins.
Preloading 0 native plugins for Editor in 0.00 ms.
Mono: successfully reloaded assembly
- Completed reload, in  1.567 seconds
Platform modules already initialized, skipping
Refreshing native plugins compatible for Editor in 0.84 ms, found 1 plugins.
Preloading 0 native plugins for Editor in 0.00 ms.
Unloading 1807 Unused Serialized files (Serialized files now loaded: 0)
System memory in use before: 88.2 MB.
System memory in use after: 88.2 MB.

Unloading 12 unused Assets to reduce memory usage. Loaded Objects now: 2285.
Total: 3.792500 ms (FindLiveObjects: 0.377700 ms CreateObjectMapping: 0.136800 ms MarkObjects: 3.030600 ms  DeleteObjects: 0.245400 ms)

========================================================================
Received Import Request.
  Time since last request: 524.763070 seconds.
  path: Assets/Scripts/MapSettings/TilesSettings/tileSand.asset
  artifactKey: Guid(751f257be77f3cd488a0ec4c52e8d26f) Importer(815301076,1909f56bfc062723c751e8b465ee728b)
Start importing Assets/Scripts/MapSettings/TilesSettings/tileSand.asset using Guid(751f257be77f3cd488a0ec4c52e8d26f) Importer(815301076,1909f56bfc062723c751e8b465ee728b)  -> (artifact id: 'cd0ad7bebf0f86e0bd8920faa15616a2') in 0.037856 seconds
  Import took 0.044137 seconds .

========================================================================
Received Import Request.
  Time since last request: 969.508062 seconds.
  path: Assets/Scripts/MapSettings/TilesSettings/grass.asset
  artifactKey: Guid(b85fc367c0ab86d42a30748dbe78ca76) Importer(815301076,1909f56bfc062723c751e8b465ee728b)
Start importing Assets/Scripts/MapSettings/TilesSettings/grass.asset using Guid(b85fc367c0ab86d42a30748dbe78ca76) Importer(815301076,1909f56bfc062723c751e8b465ee728b)  -> (artifact id: '614324c0fd169083b6d6772645eb114d') in 0.026583 seconds
  Import took 0.033646 seconds .

========================================================================
Received Import Request.
  Time since last request: 94.009275 seconds.
  path: Assets/pallets/blocks/grass/sand.png
  artifactKey: Guid(e68e25ae861ead048a863d54f1992de0) Importer(815301076,1909f56bfc062723c751e8b465ee728b)
Start importing Assets/pallets/blocks/grass/sand.png using Guid(e68e25ae861ead048a863d54f1992de0) Importer(815301076,1909f56bfc062723c751e8b465ee728b)  -> (artifact id: '808f9a642da84db01214ead961617c3c') in 0.101310 seconds
  Import took 0.107195 seconds .

========================================================================
Received Import Request.
  Time since last request: 16.204463 seconds.
  path: Assets/pallets/blocks/grass/sand.png
  artifactKey: Guid(e68e25ae861ead048a863d54f1992de0) Importer(815301076,1909f56bfc062723c751e8b465ee728b)
Start importing Assets/pallets/blocks/grass/sand.png using Guid(e68e25ae861ead048a863d54f1992de0) Importer(815301076,1909f56bfc062723c751e8b465ee728b)  -> (artifact id: '0dc8d89ca172dd774bdbe525fb725b7c') in 0.020336 seconds
  Import took 0.027678 seconds .

========================================================================
Received Import Request.
  Time since last request: 0.005443 seconds.
  path: Assets/pallets/blocks/grass/sand.png
  artifactKey: Guid(e68e25ae861ead048a863d54f1992de0) Importer(815301076,1909f56bfc062723c751e8b465ee728b)
Start importing Assets/pallets/blocks/grass/sand.png using Guid(e68e25ae861ead048a863d54f1992de0) Importer(815301076,1909f56bfc062723c751e8b465ee728b)  -> (artifact id: '0dc8d89ca172dd774bdbe525fb725b7c') in 0.011236 seconds
  Import took 0.016101 seconds .

========================================================================
Received Import Request.
  Time since last request: 17.149517 seconds.
  path: Assets/pallets/blocks/grass/sand.png
  artifactKey: Guid(e68e25ae861ead048a863d54f1992de0) Importer(815301076,1909f56bfc062723c751e8b465ee728b)
Start importing Assets/pallets/blocks/grass/sand.png using Guid(e68e25ae861ead048a863d54f1992de0) Importer(815301076,1909f56bfc062723c751e8b465ee728b)  -> (artifact id: 'fc54948eec7a28dece2c467725bcda1d') in 0.069551 seconds
  Import took 0.078503 seconds .

========================================================================
Received Import Request.
  Time since last request: 13.410121 seconds.
  path: Assets/pallets/blocks/grass/sand_0.asset
  artifactKey: Guid(aed06f4880ad4fd4d8ef0085d03728e5) Importer(815301076,1909f56bfc062723c751e8b465ee728b)
Start importing Assets/pallets/blocks/grass/sand_0.asset using Guid(aed06f4880ad4fd4d8ef0085d03728e5) Importer(815301076,1909f56bfc062723c751e8b465ee728b)  -> (artifact id: '9f8f4031892628e3004c39543f92566d') in 0.036403 seconds
  Import took 0.046404 seconds .

========================================================================
Received Import Request.
  Time since last request: 0.000509 seconds.
  path: Assets/pallets/blocks/grass/sand_5.asset
  artifactKey: Guid(2b61310d777f2eb4aa37d65151206fae) Importer(815301076,1909f56bfc062723c751e8b465ee728b)
Start importing Assets/pallets/blocks/grass/sand_5.asset using Guid(2b61310d777f2eb4aa37d65151206fae) Importer(815301076,1909f56bfc062723c751e8b465ee728b)  -> (artifact id: 'cd5b606b64dc06f25b91db19971d4318') in 0.021905 seconds
  Import took 0.026818 seconds .

========================================================================
Received Import Request.
  Time since last request: 0.000684 seconds.
  path: Assets/pallets/blocks/grass/sand_6.asset
  artifactKey: Guid(a99631dd97cb1274dba179e1d20923bb) Importer(815301076,1909f56bfc062723c751e8b465ee728b)
Start importing Assets/pallets/blocks/grass/sand_6.asset using Guid(a99631dd97cb1274dba179e1d20923bb) Importer(815301076,1909f56bfc062723c751e8b465ee728b)  -> (artifact id: 'fe24c30e65a391894addc335270e0077') in 0.022038 seconds
  Import took 0.029273 seconds .

========================================================================
Received Import Request.
  Time since last request: 0.000427 seconds.
  path: Assets/pallets/blocks/grass/sand_10.asset
  artifactKey: Guid(90996978f0510f94dba98e5914e0306c) Importer(815301076,1909f56bfc062723c751e8b465ee728b)
Start importing Assets/pallets/blocks/grass/sand_10.asset using Guid(90996978f0510f94dba98e5914e0306c) Importer(815301076,1909f56bfc062723c751e8b465ee728b)  -> (artifact id: '98e7f998f0ce5b3ba175ddfe1ef3417a') in 0.021645 seconds
  Import took 0.029867 seconds .

========================================================================
Received Import Request.
  Time since last request: 0.000482 seconds.
  path: Assets/pallets/blocks/grass/sand_4.asset
  artifactKey: Guid(64255d0e405283c40971c67ad3cb8084) Importer(815301076,1909f56bfc062723c751e8b465ee728b)
Start importing Assets/pallets/blocks/grass/sand_4.asset using Guid(64255d0e405283c40971c67ad3cb8084) Importer(815301076,1909f56bfc062723c751e8b465ee728b)  -> (artifact id: '7b3d1e7faf90b735d72558cb965e4aad') in 0.023258 seconds
  Import took 0.030020 seconds .

========================================================================
Received Import Request.
  Time since last request: 0.000473 seconds.
  path: Assets/pallets/blocks/grass/sand_9.asset
  artifactKey: Guid(216e71a4993ef4c47b2b0c04ed42dfcf) Importer(815301076,1909f56bfc062723c751e8b465ee728b)
Start importing Assets/pallets/blocks/grass/sand_9.asset using Guid(216e71a4993ef4c47b2b0c04ed42dfcf) Importer(815301076,1909f56bfc062723c751e8b465ee728b)  -> (artifact id: '373cf564477577442e84ecbc12cfe20d') in 0.021946 seconds
  Import took 0.029975 seconds .

========================================================================
Received Import Request.
  Time since last request: 0.000530 seconds.
  path: Assets/pallets/blocks/grass/sand_1.asset
  artifactKey: Guid(f8fbfb78218c30a48854c2deeefe74c6) Importer(815301076,1909f56bfc062723c751e8b465ee728b)
Start importing Assets/pallets/blocks/grass/sand_1.asset using Guid(f8fbfb78218c30a48854c2deeefe74c6) Importer(815301076,1909f56bfc062723c751e8b465ee728b)  -> (artifact id: '8162a32c914730c3f605963421516523') in 0.019025 seconds
  Import took 0.025814 seconds .

========================================================================
Received Import Request.
  Time since last request: 0.000530 seconds.
  path: Assets/pallets/blocks/grass/sand_8.asset
  artifactKey: Guid(4630157900cce2b499413764c242ce05) Importer(815301076,1909f56bfc062723c751e8b465ee728b)
Start importing Assets/pallets/blocks/grass/sand_8.asset using Guid(4630157900cce2b499413764c242ce05) Importer(815301076,1909f56bfc062723c751e8b465ee728b)  -> (artifact id: '9b9a659e0b2776934f4e198d1cfee913') in 0.024961 seconds
  Import took 0.032592 seconds .

========================================================================
Received Import Request.
  Time since last request: 0.000622 seconds.
  path: Assets/pallets/blocks/grass/sand_7.asset
  artifactKey: Guid(a7a1b21c71abff6448028e8f518bba8d) Importer(815301076,1909f56bfc062723c751e8b465ee728b)
Start importing Assets/pallets/blocks/grass/sand_7.asset using Guid(a7a1b21c71abff6448028e8f518bba8d) Importer(815301076,1909f56bfc062723c751e8b465ee728b)  -> (artifact id: 'ae7c61236f1771391fe4daa7fa1d942f') in 0.023181 seconds
  Import took 0.029959 seconds .

========================================================================
Received Import Request.
  Time since last request: 0.000350 seconds.
  path: Assets/pallets/blocks/grass/sand_3.asset
  artifactKey: Guid(df68fe7ffe5b6c94b8cc6332b75e0c43) Importer(815301076,1909f56bfc062723c751e8b465ee728b)
Start importing Assets/pallets/blocks/grass/sand_3.asset using Guid(df68fe7ffe5b6c94b8cc6332b75e0c43) Importer(815301076,1909f56bfc062723c751e8b465ee728b)  -> (artifact id: '142b94341039c3c1f59f86244654b152') in 0.021785 seconds
  Import took 0.029202 seconds .

========================================================================
Received Import Request.
  Time since last request: 0.000489 seconds.
  path: Assets/pallets/blocks/grass/sand_2.asset
  artifactKey: Guid(64da1b16758815f47be99430d012bc92) Importer(815301076,1909f56bfc062723c751e8b465ee728b)
Start importing Assets/pallets/blocks/grass/sand_2.asset using Guid(64da1b16758815f47be99430d012bc92) Importer(815301076,1909f56bfc062723c751e8b465ee728b)  -> (artifact id: '84cbef8f9cb4edb2667641a5790f29fe') in 0.021347 seconds
  Import took 0.027101 seconds .

========================================================================
Received Import Request.
  Time since last request: 1.416794 seconds.
  path: Assets/pallets/blocks/grass/sand_11.asset
  artifactKey: Guid(9fb49b952addb5f418f2c0e4e323591c) Importer(815301076,1909f56bfc062723c751e8b465ee728b)
Start importing Assets/pallets/blocks/grass/sand_11.asset using Guid(9fb49b952addb5f418f2c0e4e323591c) Importer(815301076,1909f56bfc062723c751e8b465ee728b)  -> (artifact id: '72f8194399cf25bd7876d9d0874f23ea') in 0.026185 seconds
  Import took 0.038536 seconds .

========================================================================
Received Import Request.
  Time since last request: 0.000611 seconds.
  path: Assets/pallets/blocks/grass/sand_12.asset
  artifactKey: Guid(d6cdef7f7a0f5a648ba44a7fdf74edb1) Importer(815301076,1909f56bfc062723c751e8b465ee728b)
Start importing Assets/pallets/blocks/grass/sand_12.asset using Guid(d6cdef7f7a0f5a648ba44a7fdf74edb1) Importer(815301076,1909f56bfc062723c751e8b465ee728b)  -> (artifact id: '7e511321b9ce22165278bb5082a7772b') in 0.018257 seconds
  Import took 0.025416 seconds .

========================================================================
Received Import Request.
  Time since last request: 0.000455 seconds.
  path: Assets/pallets/blocks/grass/sand_13.asset
  artifactKey: Guid(4bd1510f7d07c504b837a03c0203bc46) Importer(815301076,1909f56bfc062723c751e8b465ee728b)
Start importing Assets/pallets/blocks/grass/sand_13.asset using Guid(4bd1510f7d07c504b837a03c0203bc46) Importer(815301076,1909f56bfc062723c751e8b465ee728b)  -> (artifact id: '66a805894ba2bb7ed805801b6bbee3e4') in 0.029722 seconds
  Import took 0.037795 seconds .

========================================================================
Received Import Request.
  Time since last request: 0.000953 seconds.
  path: Assets/pallets/blocks/grass/sand_14.asset
  artifactKey: Guid(552be0c94bb55d24cbbee4721912768e) Importer(815301076,1909f56bfc062723c751e8b465ee728b)
Start importing Assets/pallets/blocks/grass/sand_14.asset using Guid(552be0c94bb55d24cbbee4721912768e) Importer(815301076,1909f56bfc062723c751e8b465ee728b)  -> (artifact id: 'fbbe16f3059fd1db69f132c0a3888ccb') in 0.018493 seconds
  Import took 0.024775 seconds .

========================================================================
Received Import Request.
  Time since last request: 0.000587 seconds.
  path: Assets/pallets/blocks/grass/sand_15.asset
  artifactKey: Guid(87f996928c0a15744b561240a5283f3b) Importer(815301076,1909f56bfc062723c751e8b465ee728b)
Start importing Assets/pallets/blocks/grass/sand_15.asset using Guid(87f996928c0a15744b561240a5283f3b) Importer(815301076,1909f56bfc062723c751e8b465ee728b)  -> (artifact id: '52c2aa3a3c14603a737810cdfecf0b51') in 0.022981 seconds
  Import took 0.030193 seconds .

========================================================================
Received Prepare
Registering precompiled user dll's ...
Registered in 0.002390 seconds.
Begin MonoManager ReloadAssembly
Native extension for WindowsStandalone target not found
Refreshing native plugins compatible for Editor in 0.79 ms, found 1 plugins.
Preloading 0 native plugins for Editor in 0.00 ms.
Mono: successfully reloaded assembly
- Completed reload, in  1.905 seconds
Platform modules already initialized, skipping
Refreshing native plugins compatible for Editor in 0.55 ms, found 1 plugins.
Preloading 0 native plugins for Editor in 0.00 ms.
Unloading 1807 Unused Serialized files (Serialized files now loaded: 0)
System memory in use before: 88.5 MB.
System memory in use after: 88.4 MB.

Unloading 12 unused Assets to reduce memory usage. Loaded Objects now: 2291.
Total: 4.531000 ms (FindLiveObjects: 0.523000 ms CreateObjectMapping: 0.220700 ms MarkObjects: 3.508400 ms  DeleteObjects: 0.276500 ms)

========================================================================
Received Prepare
Registering precompiled user dll's ...
Registered in 0.003531 seconds.
Begin MonoManager ReloadAssembly
Native extension for WindowsStandalone target not found
Refreshing native plugins compatible for Editor in 0.51 ms, found 1 plugins.
Preloading 0 native plugins for Editor in 0.00 ms.
Mono: successfully reloaded assembly
- Completed reload, in  2.033 seconds
Platform modules already initialized, skipping
Refreshing native plugins compatible for Editor in 0.64 ms, found 1 plugins.
Preloading 0 native plugins for Editor in 0.00 ms.
Unloading 1807 Unused Serialized files (Serialized files now loaded: 0)
System memory in use before: 88.5 MB.
System memory in use after: 88.4 MB.

Unloading 12 unused Assets to reduce memory usage. Loaded Objects now: 2295.
Total: 5.009100 ms (FindLiveObjects: 0.371600 ms CreateObjectMapping: 0.193900 ms MarkObjects: 4.205500 ms  DeleteObjects: 0.235500 ms)

========================================================================
Received Prepare
Registering precompiled user dll's ...
Registered in 0.001938 seconds.
Begin MonoManager ReloadAssembly
Native extension for WindowsStandalone target not found
Refreshing native plugins compatible for Editor in 0.46 ms, found 1 plugins.
Preloading 0 native plugins for Editor in 0.00 ms.
Mono: successfully reloaded assembly
- Completed reload, in  2.205 seconds
Platform modules already initialized, skipping
Refreshing native plugins compatible for Editor in 0.69 ms, found 1 plugins.
Preloading 0 native plugins for Editor in 0.00 ms.
Unloading 1807 Unused Serialized files (Serialized files now loaded: 0)
System memory in use before: 88.5 MB.
System memory in use after: 88.5 MB.

Unloading 12 unused Assets to reduce memory usage. Loaded Objects now: 2299.
Total: 4.168700 ms (FindLiveObjects: 0.392700 ms CreateObjectMapping: 0.232400 ms MarkObjects: 3.366100 ms  DeleteObjects: 0.174800 ms)

========================================================================
Received Prepare
Registering precompiled user dll's ...
Registered in 0.001701 seconds.
Begin MonoManager ReloadAssembly
Native extension for WindowsStandalone target not found
Refreshing native plugins compatible for Editor in 0.53 ms, found 1 plugins.
Preloading 0 native plugins for Editor in 0.00 ms.
Mono: successfully reloaded assembly
- Completed reload, in  1.799 seconds
Platform modules already initialized, skipping
Refreshing native plugins compatible for Editor in 0.89 ms, found 1 plugins.
Preloading 0 native plugins for Editor in 0.00 ms.
Unloading 1807 Unused Serialized files (Serialized files now loaded: 0)
System memory in use before: 88.5 MB.
System memory in use after: 88.5 MB.

Unloading 12 unused Assets to reduce memory usage. Loaded Objects now: 2303.
Total: 3.258600 ms (FindLiveObjects: 0.375500 ms CreateObjectMapping: 0.137600 ms MarkObjects: 2.588200 ms  DeleteObjects: 0.154400 ms)

========================================================================
Received Prepare
Registering precompiled user dll's ...
Registered in 0.001882 seconds.
Begin MonoManager ReloadAssembly
Native extension for WindowsStandalone target not found
Refreshing native plugins compatible for Editor in 1.03 ms, found 1 plugins.
Preloading 0 native plugins for Editor in 0.00 ms.
Mono: successfully reloaded assembly
- Completed reload, in  1.898 seconds
Platform modules already initialized, skipping
Refreshing native plugins compatible for Editor in 0.58 ms, found 1 plugins.
Preloading 0 native plugins for Editor in 0.00 ms.
Unloading 1807 Unused Serialized files (Serialized files now loaded: 0)
System memory in use before: 88.5 MB.
System memory in use after: 88.5 MB.

Unloading 12 unused Assets to reduce memory usage. Loaded Objects now: 2307.
Total: 4.307600 ms (FindLiveObjects: 0.395200 ms CreateObjectMapping: 0.099500 ms MarkObjects: 3.660000 ms  DeleteObjects: 0.151100 ms)

========================================================================
Received Import Request.
  Time since last request: 2444.832432 seconds.
  path: Assets/pallets/blocks/grass/sand.png
  artifactKey: Guid(e68e25ae861ead048a863d54f1992de0) Importer(815301076,1909f56bfc062723c751e8b465ee728b)
Start importing Assets/pallets/blocks/grass/sand.png using Guid(e68e25ae861ead048a863d54f1992de0) Importer(815301076,1909f56bfc062723c751e8b465ee728b)  -> (artifact id: '289c81808a0f80eb5dec757788f2df95') in 0.155952 seconds
  Import took 0.162094 seconds .

========================================================================
Received Import Request.
  Time since last request: 104.949469 seconds.
  path: Assets/pallets/pallete.prefab
  artifactKey: Guid(9b80419ff53ca7b43ad1e5eb49d2d4bd) Importer(815301076,1909f56bfc062723c751e8b465ee728b)
Start importing Assets/pallets/pallete.prefab using Guid(9b80419ff53ca7b43ad1e5eb49d2d4bd) Importer(815301076,1909f56bfc062723c751e8b465ee728b)  -> (artifact id: '9a4a4142f2d9f795f6b68027b0aaf926') in 0.017892 seconds
  Import took 0.027494 seconds .

========================================================================
Received Import Request.
  Time since last request: 1270.772945 seconds.
  path: Assets/Scripts/MapSettings/TilesSettings/up_grass.asset
  artifactKey: Guid(a704b2ac9b6c5254e9a8e697ba151237) Importer(815301076,1909f56bfc062723c751e8b465ee728b)
Start importing Assets/Scripts/MapSettings/TilesSettings/up_grass.asset using Guid(a704b2ac9b6c5254e9a8e697ba151237) Importer(815301076,1909f56bfc062723c751e8b465ee728b)  -> (artifact id: '8dbe119cebd053f5c4f6f260bd4c5e43') in 0.007657 seconds
  Import took 0.012037 seconds .

========================================================================
Received Import Request.
  Time since last request: 0.002956 seconds.
  path: Assets/Scripts/MapSettings/TilesSettings/up_grass.asset
  artifactKey: Guid(a704b2ac9b6c5254e9a8e697ba151237) Importer(815301076,1909f56bfc062723c751e8b465ee728b)
Start importing Assets/Scripts/MapSettings/TilesSettings/up_grass.asset using Guid(a704b2ac9b6c5254e9a8e697ba151237) Importer(815301076,1909f56bfc062723c751e8b465ee728b)  -> (artifact id: '8dbe119cebd053f5c4f6f260bd4c5e43') in 0.003969 seconds
  Import took 0.008405 seconds .

========================================================================
Received Import Request.
  Time since last request: 27.444923 seconds.
  path: Assets/pallets/blocks/grass/up_grass.png
  artifactKey: Guid(071bf4bca19d72246b08f7d1305d9c60) Importer(815301076,1909f56bfc062723c751e8b465ee728b)
Start importing Assets/pallets/blocks/grass/up_grass.png using Guid(071bf4bca19d72246b08f7d1305d9c60) Importer(815301076,1909f56bfc062723c751e8b465ee728b)  -> (artifact id: '02d06b9d742886bea672e68b0de2f9c0') in 0.010760 seconds
  Import took 0.018106 seconds .

========================================================================
Received Import Request.
  Time since last request: 23.966747 seconds.
  path: Assets/pallets/blocks/grass/up_grass.png
  artifactKey: Guid(071bf4bca19d72246b08f7d1305d9c60) Importer(815301076,1909f56bfc062723c751e8b465ee728b)
Start importing Assets/pallets/blocks/grass/up_grass.png using Guid(071bf4bca19d72246b08f7d1305d9c60) Importer(815301076,1909f56bfc062723c751e8b465ee728b)  -> (artifact id: '3f759070682845d28ef386f771c5372b') in 0.009209 seconds
  Import took 0.012952 seconds .

========================================================================
Received Import Request.
  Time since last request: 0.027102 seconds.
  path: Assets/pallets/blocks/grass/up_grass.png
  artifactKey: Guid(071bf4bca19d72246b08f7d1305d9c60) Importer(815301076,1909f56bfc062723c751e8b465ee728b)
Start importing Assets/pallets/blocks/grass/up_grass.png using Guid(071bf4bca19d72246b08f7d1305d9c60) Importer(815301076,1909f56bfc062723c751e8b465ee728b)  -> (artifact id: '3f759070682845d28ef386f771c5372b') in 0.006956 seconds
  Import took 0.011053 seconds .

========================================================================
Received Import Request.
  Time since last request: 16.418051 seconds.
  path: Assets/pallets/blocks/grass/up_grass.png
  artifactKey: Guid(071bf4bca19d72246b08f7d1305d9c60) Importer(815301076,1909f56bfc062723c751e8b465ee728b)
Start importing Assets/pallets/blocks/grass/up_grass.png using Guid(071bf4bca19d72246b08f7d1305d9c60) Importer(815301076,1909f56bfc062723c751e8b465ee728b)  -> (artifact id: 'c9d34efc456e6b785545b80f3f83b442') in 0.025114 seconds
  Import took 0.029076 seconds .

========================================================================
Received Import Request.
  Time since last request: 71.767022 seconds.
  path: Assets/Scripts/MapSettings/OtherTilemap.cs
  artifactKey: Guid(e42994dd135c51542869b6e4147c95d6) Importer(815301076,1909f56bfc062723c751e8b465ee728b)
Start importing Assets/Scripts/MapSettings/OtherTilemap.cs using Guid(e42994dd135c51542869b6e4147c95d6) Importer(815301076,1909f56bfc062723c751e8b465ee728b)  -> (artifact id: '181f54309a0502bab8275d070d21dd4c') in 0.008248 seconds
  Import took 0.015859 seconds .

========================================================================
Received Prepare
Registering precompiled user dll's ...
Registered in 0.001515 seconds.
Begin MonoManager ReloadAssembly
Native extension for WindowsStandalone target not found
Refreshing native plugins compatible for Editor in 0.44 ms, found 1 plugins.
Preloading 0 native plugins for Editor in 0.00 ms.
Mono: successfully reloaded assembly
- Completed reload, in  1.715 seconds
Platform modules already initialized, skipping
Refreshing native plugins compatible for Editor in 0.41 ms, found 1 plugins.
Preloading 0 native plugins for Editor in 0.00 ms.
Unloading 1808 Unused Serialized files (Serialized files now loaded: 0)
System memory in use before: 88.5 MB.
System memory in use after: 88.5 MB.

Unloading 12 unused Assets to reduce memory usage. Loaded Objects now: 2313.
Total: 2.102800 ms (FindLiveObjects: 0.202500 ms CreateObjectMapping: 0.066900 ms MarkObjects: 1.717800 ms  DeleteObjects: 0.114300 ms)

========================================================================
Received Prepare
Registering precompiled user dll's ...
Registered in 0.001790 seconds.
Begin MonoManager ReloadAssembly
Native extension for WindowsStandalone target not found
Refreshing native plugins compatible for Editor in 0.55 ms, found 1 plugins.
Preloading 0 native plugins for Editor in 0.00 ms.
Mono: successfully reloaded assembly
- Completed reload, in  0.964 seconds
Platform modules already initialized, skipping
Refreshing native plugins compatible for Editor in 0.34 ms, found 1 plugins.
Preloading 0 native plugins for Editor in 0.00 ms.
Unloading 1808 Unused Serialized files (Serialized files now loaded: 0)
System memory in use before: 88.5 MB.
System memory in use after: 88.5 MB.

Unloading 12 unused Assets to reduce memory usage. Loaded Objects now: 2317.
Total: 2.141800 ms (FindLiveObjects: 0.216400 ms CreateObjectMapping: 0.074200 ms MarkObjects: 1.746300 ms  DeleteObjects: 0.103800 ms)

========================================================================
Received Prepare
Registering precompiled user dll's ...
Registered in 0.001167 seconds.
Begin MonoManager ReloadAssembly
Native extension for WindowsStandalone target not found
Refreshing native plugins compatible for Editor in 0.46 ms, found 1 plugins.
Preloading 0 native plugins for Editor in 0.00 ms.
Mono: successfully reloaded assembly
- Completed reload, in  0.959 seconds
Platform modules already initialized, skipping
Refreshing native plugins compatible for Editor in 0.32 ms, found 1 plugins.
Preloading 0 native plugins for Editor in 0.00 ms.
Unloading 1808 Unused Serialized files (Serialized files now loaded: 0)
System memory in use before: 88.5 MB.
System memory in use after: 88.5 MB.

Unloading 12 unused Assets to reduce memory usage. Loaded Objects now: 2321.
Total: 1.876800 ms (FindLiveObjects: 0.192400 ms CreateObjectMapping: 0.064700 ms MarkObjects: 1.506800 ms  DeleteObjects: 0.111700 ms)

========================================================================
Received Import Request.
  Time since last request: 310.578357 seconds.
  path: Assets/Scripts/MapSettings/OtherTilemap.cs
  artifactKey: Guid(e42994dd135c51542869b6e4147c95d6) Importer(815301076,1909f56bfc062723c751e8b465ee728b)
Start importing Assets/Scripts/MapSettings/OtherTilemap.cs using Guid(e42994dd135c51542869b6e4147c95d6) Importer(815301076,1909f56bfc062723c751e8b465ee728b)  -> (artifact id: 'a4fbe3ef9c0bab23acd41a85faccd2d6') in 0.009848 seconds
  Import took 0.016234 seconds .

AssetImportWorkerClient::OnTransportError - code=2 error=End of file
